<?xml version="1.0" encoding="UTF-8"?>
<testsuite name="com.example.calculator.CalculatorTest" tests="6" skipped="0" failures="0" errors="0" timestamp="2026-05-02T22:39:33.381Z" hostname="DESKTOP-V73TSRH" time="0.049">
  <properties/>
  <testcase name="testCalcWithOneAndTwo()" classname="com.example.calculator.CalculatorTest" time="0.03"/>
  <testcase name="testCalcWithLargeNumbers()" classname="com.example.calculator.CalculatorTest" time="0.001"/>
  <testcase name="testPrtResRunsWithoutError()" classname="com.example.calculator.CalculatorTest" time="0.006"/>
  <testcase name="testCalcCommutativity()" classname="com.example.calculator.CalculatorTest" time="0.002"/>
  <testcase name="testCalcWithEqualNumbers()" classname="com.example.calculator.CalculatorTest" time="0.001"/>
  <testcase name="testCalcWithPositiveNumbers()" classname="com.example.calculator.CalculatorTest" time="0.001"/>
  <system-out><![CDATA[Result: 42.0
]]></system-out>
  <system-err><![CDATA[]]></system-err>
</testsuite>
